/usr/bin/qmake
 

 qt4

rm -f main.o
rm -f *~ core *.core
g++ -c -pipe -O2 -march=native -pipe -fomit-frame-pointer -Wall -W -D_REENTRANT -DQT_NO_DEBUG -DQT_CORE_LIB -DQT_SHARED -I/usr/share/qt4/mkspecs/linux-g++ -I. -I/usr/include/qt4/QtCore -I/usr/include/qt4 -I. -I. -o main.o main.cpp
g++ -Wl,-O1 -Wl,-rpath,/usr/lib64/qt4 -o qt4 main.o    -L/usr/lib64/qt4 -lQtCore -L/usr/lib64 -L/usr/lib64/qt4 -lgthread-2.0 -lrt -lglib-2.0 -lpthread 
 

 openssl

rm -f main.o
rm -f *~ core *.core
g++ -c -pipe -O2 -march=native -pipe -fomit-frame-pointer -Wall -W -D_REENTRANT -DQT_NO_DEBUG -DQT_CORE_LIB -DQT_SHARED -I/usr/share/qt4/mkspecs/linux-g++ -I. -I/usr/include/qt4/QtCore -I/usr/include/qt4 -I. -I. -o main.o main.cpp
g++ -Wl,-O1 -Wl,-rpath,/usr/lib64/qt4 -o openssl main.o    -L/usr/lib64/qt4 -lcrypto -lssl -lQtCore -L/usr/lib64 -L/usr/lib64/qt4 -lgthread-2.0 -lrt -lglib-2.0 -lpthread 
 

 db  

rm -f main.o
rm -f *~ core *.core
g++ -c -pipe -O2 -march=native -pipe -fomit-frame-pointer -Wall -W -D_REENTRANT -DQT_NO_DEBUG -DQT_CORE_LIB -DQT_SHARED -I/usr/share/qt4/mkspecs/linux-g++ -I. -I/usr/include/qt4/QtCore -I/usr/include/qt4 -I. -I. -o main.o main.cpp
g++ -Wl,-O1 -Wl,-rpath,/usr/lib64/qt4 -o db main.o    -L/usr/lib64/qt4 -ldb -lQtCore -L/usr/lib64 -L/usr/lib64/qt4 -lgthread-2.0 -lrt -lglib-2.0 -lpthread 
 

 xss  

rm -f main.o
rm -f *~ core *.core
g++ -c -pipe -O2 -march=native -pipe -fomit-frame-pointer -Wall -W -D_REENTRANT -DQT_NO_DEBUG -DQT_GUI_LIB -DQT_CORE_LIB -DQT_SHARED -I/usr/share/qt4/mkspecs/linux-g++ -I. -I/usr/include/qt4/QtCore -I/usr/include/qt4/QtGui -I/usr/include/qt4 -I. -I. -o main.o main.cpp
g++ -Wl,-O1 -Wl,-rpath,/usr/lib64/qt4 -o xss main.o    -L/usr/lib64/qt4 -lXss -lQtGui -L/usr/lib64 -L/usr/lib64/qt4 -L/usr/X11R6/lib -lQtCore -lgthread-2.0 -lrt -lglib-2.0 -lpthread 
WARNING: qxtbuild.prf:24: Unable to find file for inclusion ../../deploy/qt/qxt.prf
Project MESSAGE: building core module
Project MESSAGE: building gui module
Project MESSAGE: building network module
Project MESSAGE: building sql module
Project MESSAGE: building berkeley module
Project MESSAGE: building web module
Project MESSAGE: building crypto module
